#
# There is insufficient memory for the Java Runtime Environment to continue.
# Native memory allocation (malloc) failed to allocate 1048576 bytes for AllocateHeap
# Possible reasons:
#   The system is out of physical RAM or swap space
#   In 32 bit mode, the process size limit was hit
# Possible solutions:
#   Reduce memory load on the system
#   Increase physical memory or swap space
#   Check if swap backing store is full
#   Use 64 bit Java on a 64 bit OS
#   Decrease Java heap size (-Xmx/-Xms)
#   Decrease number of Java threads
#   Decrease Java thread stack sizes (-Xss)
#   Set larger code cache with -XX:ReservedCodeCacheSize=
# This output file may be truncated or incomplete.
#
#  Out of Memory Error (memory/allocation.inline.hpp:61), pid=7636, tid=0x00000000000014a8
#
# JRE version:  (8.0_191-b12) (build )
# Java VM: Java HotSpot(TM) 64-Bit Server VM (25.191-b12 mixed mode windows-amd64 compressed oops)
# Failed to write core dump. Minidumps are not enabled by default on client versions of Windows
#

---------------  T H R E A D  ---------------

Current thread (0x0000000000ece000):  JavaThread "Unknown thread" [_thread_in_vm, id=5288, stack(0x00000000028d0000,0x00000000029d0000)]

Stack: [0x00000000028d0000,0x00000000029d0000]
[error occurred during error reporting (printing stack bounds), id 0xc0000005]

Native frames: (J=compiled Java code, j=interpreted, Vv=VM code, C=native code)


---------------  P R O C E S S  ---------------

Java Threads: ( => current thread )

Other Threads:

=>0x0000000000ece000 (exited) JavaThread "Unknown thread" [_thread_in_vm, id=5288, stack(0x00000000028d0000,0x00000000029d0000)]

VM state:not at safepoint (normal execution)

VM Mutex/Monitor currently owned by a thread: None

Heap:
 PSYoungGen      total 38400K, used 665K [0x00000000d5e00000, 0x00000000d8880000, 0x0000000100000000)
  eden space 33280K, 2% used [0x00000000d5e00000,0x00000000d5ea6670,0x00000000d7e80000)
  from space 5120K, 0% used [0x00000000d8380000,0x00000000d8380000,0x00000000d8880000)
  to   space 5120K, 0% used [0x00000000d7e80000,0x00000000d7e80000,0x00000000d8380000)
 ParOldGen       total 87552K, used 0K [0x0000000081a00000, 0x0000000086f80000, 0x00000000d5e00000)
  object space 87552K, 0% used [0x0000000081a00000,0x0000000081a00000,0x0000000086f80000)
 Metaspace       used 751K, capacity 4480K, committed 4480K, reserved 1056768K
  class space    used 76K, capacity 384K, committed 384K, reserved 1048576K

Card table byte_map: [0x0000000011e90000,0x0000000012290000] byte_map_base: 0x0000000011a83000

Marking Bits: (ParMarkBitMap*) 0x00000000635c3e30
 Begin Bits: [0x0000000012940000, 0x00000000148d8000)
 End Bits:   [0x00000000148d8000, 0x0000000016870000)

Polling page: 0x00000000007f0000

CodeCache: size=245760Kb used=328Kb max_used=328Kb free=245431Kb
 bounds [0x0000000002ad0000, 0x0000000002d40000, 0x0000000011ad0000]
 total_blobs=58 nmethods=0 adapters=38
 compilation: enabled

Compilation events (0 events):
No events

GC Heap History (0 events):
No events

Deoptimization events (0 events):
No events

Classes redefined (0 events):
No events

Internal exceptions (0 events):
No events

Events (10 events):
Event: 0.497 loading class java/lang/Short
Event: 0.498 loading class java/lang/Short done
Event: 0.498 loading class java/lang/Integer
Event: 0.498 loading class java/lang/Integer done
Event: 0.498 loading class java/lang/Long
Event: 0.499 loading class java/lang/Long done
Event: 0.500 loading class java/lang/NullPointerException
Event: 0.500 loading class java/lang/NullPointerException done
Event: 0.500 loading class java/lang/ArithmeticException
Event: 0.501 loading class java/lang/ArithmeticException done


Dynamic libraries:
0x00007ff62ff60000 - 0x00007ff62ff97000 	C:\Program Files\Java\jre1.8.0_191\bin\javaw.exe
0x00007ffd52a80000 - 0x00007ffd52c70000 	C:\WINDOWS\SYSTEM32\ntdll.dll
0x00007ffd527a0000 - 0x00007ffd52852000 	C:\WINDOWS\System32\KERNEL32.DLL
0x00007ffd4fab0000 - 0x00007ffd4fd55000 	C:\WINDOWS\System32\KERNELBASE.dll
0x00007ffd511f0000 - 0x00007ffd51293000 	C:\WINDOWS\System32\ADVAPI32.dll
0x00007ffd50b30000 - 0x00007ffd50bce000 	C:\WINDOWS\System32\msvcrt.dll
0x00007ffd50fd0000 - 0x00007ffd51067000 	C:\WINDOWS\System32\sechost.dll
0x00007ffd510d0000 - 0x00007ffd511f0000 	C:\WINDOWS\System32\RPCRT4.dll
0x00007ffd50bf0000 - 0x00007ffd50d84000 	C:\WINDOWS\System32\USER32.dll
0x00007ffd4ffb0000 - 0x00007ffd4ffd1000 	C:\WINDOWS\System32\win32u.dll
0x00007ffd51d30000 - 0x00007ffd51d56000 	C:\WINDOWS\System32\GDI32.dll
0x00007ffd4fe10000 - 0x00007ffd4ffa6000 	C:\WINDOWS\System32\gdi32full.dll
0x00007ffd4fa10000 - 0x00007ffd4faae000 	C:\WINDOWS\System32\msvcp_win.dll
0x00007ffd50130000 - 0x00007ffd5022a000 	C:\WINDOWS\System32\ucrtbase.dll
0x00007ffd42b00000 - 0x00007ffd42d84000 	C:\WINDOWS\WinSxS\amd64_microsoft.windows.common-controls_6595b64144ccf1df_6.0.18362.1139_none_9e7bf2d3e4605ac6\COMCTL32.dll
0x00007ffd52390000 - 0x00007ffd526c5000 	C:\WINDOWS\System32\combase.dll
0x00007ffd509e0000 - 0x00007ffd50a60000 	C:\WINDOWS\System32\bcryptPrimitives.dll
0x00007ffd52a10000 - 0x00007ffd52a3e000 	C:\WINDOWS\System32\IMM32.DLL
0x0000000062be0000 - 0x0000000062cb2000 	C:\Program Files\Java\jre1.8.0_191\bin\msvcr100.dll
0x0000000062da0000 - 0x0000000063644000 	C:\Program Files\Java\jre1.8.0_191\bin\server\jvm.dll
0x00007ffd50d90000 - 0x00007ffd50d98000 	C:\WINDOWS\System32\PSAPI.DLL
0x00007ffd4d4a0000 - 0x00007ffd4d4c4000 	C:\WINDOWS\SYSTEM32\WINMM.dll
0x00007ffd4e470000 - 0x00007ffd4e479000 	C:\WINDOWS\SYSTEM32\WSOCK32.dll
0x00007ffd512a0000 - 0x00007ffd5130f000 	C:\WINDOWS\System32\WS2_32.dll
0x00007ffd47f90000 - 0x00007ffd47f9a000 	C:\WINDOWS\SYSTEM32\VERSION.dll
0x00007ffd4d470000 - 0x00007ffd4d49d000 	C:\WINDOWS\SYSTEM32\winmmbase.dll
0x00007ffd4fdc0000 - 0x00007ffd4fe0a000 	C:\WINDOWS\System32\cfgmgr32.dll
0x0000000062d90000 - 0x0000000062d9f000 	C:\Program Files\Java\jre1.8.0_191\bin\verify.dll
0x0000000062d60000 - 0x0000000062d89000 	C:\Program Files\Java\jre1.8.0_191\bin\java.dll
0x0000000062d40000 - 0x0000000062d56000 	C:\Program Files\Java\jre1.8.0_191\bin\zip.dll

VM Arguments:
jvm_args: -Dfile.encoding=Cp1252 
java_command: com.bankapplication.BankAccount
java_class_path (initial): S:\users1\dsune1\desktop\PCCW_Training eclipse workspace\Assignemnt04BankAccount\bin
Launcher Type: SUN_STANDARD

Environment Variables:
PATH=C:/Program Files/Java/jre1.8.0_191/bin/server;C:/Program Files/Java/jre1.8.0_191/bin;C:/Program Files/Java/jre1.8.0_191/lib/amd64;C:\Program Files (x86)\Common Files\Oracle\Java\javapath;C:\Program Files (x86)\Intel\iCLS Client\;C:\Program Files\Intel\iCLS Client\;C:\WINDOWS\system32;C:\WINDOWS;C:\WINDOWS\System32\Wbem;C:\WINDOWS\System32\WindowsPowerShell\v1.0\;C:\Program Files (x86)\Intel\Intel(R) Management Engine Components\DAL;C:\Program Files\Intel\Intel(R) Management Engine Components\DAL;C:\Program Files (x86)\Intel\Intel(R) Management Engine Components\IPT;C:\Program Files\Intel\Intel(R) Management Engine Components\IPT;C:\Program Files (x86)\Cloud Foundry;C:\Java\jdk1.8.0_92\bin;C:\Program Files (x86)\GtkSharp\2.12\bin;C:\Program Files\dotnet\;C:\WINDOWS\System32\OpenSSH\;C:\Python27;C:\Program Files (x86)\Rational\common;C:\xampp\php;C:\composer;C:\Program Files\Git\cmd;C:\Python;C:\Users\dsune\AppData\Local\Programs\Microsoft VS Code\bin;C:\WINDOWS\system32;
USERNAME=dsune
OS=Windows_NT
PROCESSOR_IDENTIFIER=Intel64 Family 6 Model 78 Stepping 3, GenuineIntel



---------------  S Y S T E M  ---------------

OS: Windows 10.0 , 64 bit Build 18362 (10.0.18362.1110)

CPU:total 4 (initial active 4) (2 cores per cpu, 2 threads per core) family 6 model 78 stepping 3, cmov, cx8, fxsr, mmx, sse, sse2, sse3, ssse3, sse4.1, sse4.2, popcnt, avx, avx2, aes, clmul, erms, 3dnowpref, lzcnt, ht, tsc, tscinvbit, bmi1, bmi2, adx

Memory: 4k page, physical 8276896k(404648k free), swap 33442720k(5340k free)

vm_info: Java HotSpot(TM) 64-Bit Server VM (25.191-b12) for windows-amd64 JRE (1.8.0_191-b12), built on Oct  6 2018 09:29:03 by "java_re" with MS VC++ 10.0 (VS2010)

time: Tue Oct 20 21:57:44 2020
elapsed time: 0 seconds (0d 0h 0m 0s)

